This file contains any messages produced by compilers while
running configure, to aid debugging if configure makes a mistake.

It was created by configure, which was
generated by GNU Autoconf 2.71.  Invocation command line was

  $ ./configure

## --------- ##
## Platform. ##
## --------- ##

hostname = a0f7c5c88dc3
uname -m = x86_64
uname -r = 5.15.0-79-generic
uname -s = Linux
uname -v = #86~20.04.2-Ubuntu SMP Mon Jul 17 23:27:17 UTC 2023

/usr/bin/uname -p = x86_64
/bin/uname -X     = unknown

/bin/arch              = x86_64
/usr/bin/arch -k       = unknown
/usr/convex/getsysinfo = unknown
/usr/bin/hostinfo      = unknown
/bin/machine           = unknown
/usr/bin/oslevel       = unknown
/bin/universe          = unknown

PATH: /usr/local/go/bin/
PATH: /usr/local/sbin/
PATH: /usr/local/bin/
PATH: /usr/sbin/
PATH: /usr/bin/
PATH: /sbin/
PATH: /bin/


## ----------- ##
## Core tests. ##
## ----------- ##

configure:2397: looking for aux files: missing install-sh config.guess config.sub
configure:2410:  trying ./config/
configure:2439:   ./config/missing found
configure:2421:   ./config/install-sh found
configure:2439:   ./config/config.guess found
configure:2439:   ./config/config.sub found
configure:2551: result: Begining autoconfiguration process for thc-ssl-dos-1.4...
configure:2562: checking build system type
configure:2577: result: x86_64-unknown-linux-gnu
configure:2597: checking host system type
configure:2611: result: x86_64-unknown-linux-gnu
configure:2631: checking target system type
configure:2645: result: x86_64-unknown-linux-gnu
configure:2690: checking for a BSD-compatible install
configure:2763: result: /usr/bin/install -c
configure:2774: checking whether build environment is sane
configure:2824: result: yes
configure:2977: checking for a race-free mkdir -p
configure:3021: result: /usr/bin/mkdir -p
configure:3034: checking for gawk
configure:3069: result: no
configure:3034: checking for mawk
configure:3055: found /usr/bin/mawk
configure:3066: result: mawk
configure:3077: checking whether make sets $(MAKE)
configure:3100: result: yes
configure:3241: checking for gcc
configure:3262: found /usr/bin/gcc
configure:3273: result: gcc
configure:3626: checking for C compiler version
configure:3635: gcc --version >&5
gcc (Ubuntu 11.4.0-1ubuntu1~22.04) 11.4.0
Copyright (C) 2021 Free Software Foundation, Inc.
This is free software; see the source for copying conditions.  There is NO
warranty; not even for MERCHANTABILITY or FITNESS FOR A PARTICULAR PURPOSE.

configure:3646: $? = 0
configure:3635: gcc -v >&5
Using built-in specs.
COLLECT_GCC=gcc
COLLECT_LTO_WRAPPER=/usr/lib/gcc/x86_64-linux-gnu/11/lto-wrapper
OFFLOAD_TARGET_NAMES=nvptx-none:amdgcn-amdhsa
OFFLOAD_TARGET_DEFAULT=1
Target: x86_64-linux-gnu
Configured with: ../src/configure -v --with-pkgversion='Ubuntu 11.4.0-1ubuntu1~22.04' --with-bugurl=file:///usr/share/doc/gcc-11/README.Bugs --enable-languages=c,ada,c++,go,brig,d,fortran,objc,obj-c++,m2 --prefix=/usr --with-gcc-major-version-only --program-suffix=-11 --program-prefix=x86_64-linux-gnu- --enable-shared --enable-linker-build-id --libexecdir=/usr/lib --without-included-gettext --enable-threads=posix --libdir=/usr/lib --enable-nls --enable-bootstrap --enable-clocale=gnu --enable-libstdcxx-debug --enable-libstdcxx-time=yes --with-default-libstdcxx-abi=new --enable-gnu-unique-object --disable-vtable-verify --enable-plugin --enable-default-pie --with-system-zlib --enable-libphobos-checking=release --with-target-system-zlib=auto --enable-objc-gc=auto --enable-multiarch --disable-werror --enable-cet --with-arch-32=i686 --with-abi=m64 --with-multilib-list=m32,m64,mx32 --enable-multilib --with-tune=generic --enable-offload-targets=nvptx-none=/build/gcc-11-XeT9lY/gcc-11-11.4.0/debian/tmp-nvptx/usr,amdgcn-amdhsa=/build/gcc-11-XeT9lY/gcc-11-11.4.0/debian/tmp-gcn/usr --without-cuda-driver --enable-checking=release --build=x86_64-linux-gnu --host=x86_64-linux-gnu --target=x86_64-linux-gnu --with-build-config=bootstrap-lto-lean --enable-link-serialization=2
Thread model: posix
Supported LTO compression algorithms: zlib zstd
gcc version 11.4.0 (Ubuntu 11.4.0-1ubuntu1~22.04) 
... rest of stderr output deleted ...
configure:3646: $? = 0
configure:3635: gcc -V >&5
gcc: error: unrecognized command-line option '-V'
gcc: fatal error: no input files
compilation terminated.
configure:3646: $? = 1
configure:3635: gcc -qversion >&5
gcc: error: unrecognized command-line option '-qversion'; did you mean '--version'?
gcc: fatal error: no input files
compilation terminated.
configure:3646: $? = 1
configure:3635: gcc -version >&5
gcc: error: unrecognized command-line option '-version'
gcc: fatal error: no input files
compilation terminated.
configure:3646: $? = 1
configure:3666: checking whether the C compiler works
configure:3688: gcc    conftest.c  >&5
configure:3692: $? = 0
configure:3742: result: yes
configure:3745: checking for C compiler default output file name
configure:3747: result: a.out
configure:3753: checking for suffix of executables
configure:3760: gcc -o conftest    conftest.c  >&5
configure:3764: $? = 0
configure:3787: result: 
configure:3809: checking whether we are cross compiling
configure:3817: gcc -o conftest    conftest.c  >&5
configure:3821: $? = 0
configure:3828: ./conftest
configure:3832: $? = 0
configure:3847: result: no
configure:3852: checking for suffix of object files
configure:3875: gcc -c   conftest.c >&5
configure:3879: $? = 0
configure:3901: result: o
configure:3905: checking whether the compiler supports GNU C
configure:3925: gcc -c   conftest.c >&5
configure:3925: $? = 0
configure:3935: result: yes
configure:3946: checking whether gcc accepts -g
configure:3967: gcc -c -g  conftest.c >&5
configure:3967: $? = 0
configure:4011: result: yes
configure:4031: checking for gcc option to enable C11 features
configure:4046: gcc  -c -g -O2  conftest.c >&5
configure:4046: $? = 0
configure:4064: result: none needed
configure:4185: checking for style of include used by make
configure:4213: result: GNU
configure:4239: checking dependency style of gcc
configure:4350: result: gcc3
configure:4414: checking for ranlib
configure:4435: found /usr/bin/ranlib
configure:4446: result: ranlib
configure:4469: checking for an ANSI C-conforming const
configure:4536: gcc -c -g -O2  conftest.c >&5
configure:4536: $? = 0
configure:4544: result: yes
configure:4609: checking whether to compile a static binary
configure:4622: result: no
configure:4635: checking whether to compile with DEBUG flag
configure:4648: result: no
configure:4655: checking for /dev/urandom
configure:4669: result: yes
configure:4680: checking for socket in -lsocket
configure:4703: gcc -o conftest -O2 -Wall  -I/usr/local/include  -L./  -L/usr/local/lib  conftest.c -lsocket   >&5
/usr/bin/ld: cannot find -lsocket: No such file or directory
collect2: error: ld returned 1 exit status
configure:4703: $? = 1
configure: failed program was:
| /* confdefs.h */
| #define PACKAGE_NAME ""
| #define PACKAGE_TARNAME ""
| #define PACKAGE_VERSION ""
| #define PACKAGE_STRING ""
| #define PACKAGE_BUGREPORT ""
| #define PACKAGE_URL ""
| #define PACKAGE "thc-ssl-dos"
| #define VERSION "1.4"
| #define HAVE_DEVURANDOM 1
| /* end confdefs.h.  */
| 
| /* Override any GCC internal prototype to avoid an error.
|    Use char because int might match the return type of a GCC
|    builtin and then its argument prototype would still apply.  */
| char socket ();
| int
| main (void)
| {
| return socket ();
|   ;
|   return 0;
| }
configure:4713: result: no
configure:4723: checking for gethostbyname in -lnsl
configure:4746: gcc -o conftest -O2 -Wall  -I/usr/local/include  -L./  -L/usr/local/lib  conftest.c -lnsl   >&5
configure:4746: $? = 0
configure:4756: result: yes
configure:4767: checking for DH_free in -lcrypto
configure:4790: gcc -o conftest -O2 -Wall  -I/usr/local/include  -L./  -L/usr/local/lib  conftest.c -lcrypto  -lnsl  >&5
configure:4790: $? = 0
configure:4800: result: yes
configure:4812: checking for BIO_new_ssl in -lssl
configure:4835: gcc -o conftest -O2 -Wall  -I/usr/local/include  -L./  -L/usr/local/lib  conftest.c -lssl  -lcrypto -lnsl  >&5
configure:4835: $? = 0
configure:4845: result: yes
configure:4858: checking OpenSSL library version
configure:4879: gcc -o conftest -O2 -Wall  -I/usr/local/include  -L./  -L/usr/local/lib  conftest.c -lssl -lcrypto -lnsl  >&5
configure:4879: $? = 0
configure:4879: ./conftest
configure:4879: $? = 0
configure:4881: result: ok
configure:4898: checking for stdio.h
configure:4898: gcc -c -O2 -Wall  -I/usr/local/include  conftest.c >&5
configure:4898: $? = 0
configure:4898: result: yes
configure:4898: checking for stdlib.h
configure:4898: gcc -c -O2 -Wall  -I/usr/local/include  conftest.c >&5
configure:4898: $? = 0
configure:4898: result: yes
configure:4898: checking for string.h
configure:4898: gcc -c -O2 -Wall  -I/usr/local/include  conftest.c >&5
configure:4898: $? = 0
configure:4898: result: yes
configure:4898: checking for inttypes.h
configure:4898: gcc -c -O2 -Wall  -I/usr/local/include  conftest.c >&5
configure:4898: $? = 0
configure:4898: result: yes
configure:4898: checking for stdint.h
configure:4898: gcc -c -O2 -Wall  -I/usr/local/include  conftest.c >&5
configure:4898: $? = 0
configure:4898: result: yes
configure:4898: checking for strings.h
configure:4898: gcc -c -O2 -Wall  -I/usr/local/include  conftest.c >&5
configure:4898: $? = 0
configure:4898: result: yes
configure:4898: checking for sys/stat.h
configure:4898: gcc -c -O2 -Wall  -I/usr/local/include  conftest.c >&5
configure:4898: $? = 0
configure:4898: result: yes
configure:4898: checking for sys/types.h
configure:4898: gcc -c -O2 -Wall  -I/usr/local/include  conftest.c >&5
configure:4898: $? = 0
configure:4898: result: yes
configure:4898: checking for unistd.h
configure:4898: gcc -c -O2 -Wall  -I/usr/local/include  conftest.c >&5
configure:4898: $? = 0
configure:4898: result: yes
configure:4898: checking for sys/time.h
configure:4898: gcc -c -O2 -Wall  -I/usr/local/include  conftest.c >&5
configure:4898: $? = 0
configure:4898: result: yes
configure:4923: checking for grep that handles long lines and -e
configure:4987: result: /usr/bin/grep
configure:4995: checking for egrep
configure:5063: result: /usr/bin/grep -E
configure:5069: checking for sys/wait.h that is POSIX.1 compatible
configure:5096: gcc -c -O2 -Wall  -I/usr/local/include  conftest.c >&5
configure:5096: $? = 0
configure:5104: result: yes
configure:5112: checking for sys/time.h
configure:5112: result: yes
configure:5118: checking for unistd.h
configure:5118: result: yes
configure:5124: checking for string.h
configure:5124: result: yes
configure:5132: checking for an ANSI C-conforming const
configure:5207: result: yes
configure:5226: checking for working memcmp
configure:5271: gcc -o conftest -O2 -Wall  -I/usr/local/include  -L./  -L/usr/local/lib  conftest.c -lssl -lcrypto -lnsl  >&5
configure:5271: $? = 0
configure:5271: ./conftest
configure:5271: $? = 0
configure:5282: result: yes
configure:5292: checking for size_t
configure:5292: gcc -c -O2 -Wall  -I/usr/local/include  conftest.c >&5
configure:5292: $? = 0
configure:5292: gcc -c -O2 -Wall  -I/usr/local/include  conftest.c >&5
conftest.c: In function 'main':
conftest.c:62:21: error: expected expression before ')' token
   62 | if (sizeof ((size_t)))
      |                     ^
configure:5292: $? = 1
configure: failed program was:
| /* confdefs.h */
| #define PACKAGE_NAME ""
| #define PACKAGE_TARNAME ""
| #define PACKAGE_VERSION ""
| #define PACKAGE_STRING ""
| #define PACKAGE_BUGREPORT ""
| #define PACKAGE_URL ""
| #define PACKAGE "thc-ssl-dos"
| #define VERSION "1.4"
| #define HAVE_DEVURANDOM 1
| #define HAVE_LIBNSL 1
| #define HAVE_LIBCRYPTO 1
| #define HAVE_LIBSSL 1
| #define HAVE_STDIO_H 1
| #define HAVE_STDLIB_H 1
| #define HAVE_STRING_H 1
| #define HAVE_INTTYPES_H 1
| #define HAVE_STDINT_H 1
| #define HAVE_STRINGS_H 1
| #define HAVE_SYS_STAT_H 1
| #define HAVE_SYS_TYPES_H 1
| #define HAVE_UNISTD_H 1
| #define HAVE_SYS_TIME_H 1
| #define STDC_HEADERS 1
| #define HAVE_SYS_WAIT_H 1
| #define HAVE_SYS_TIME_H 1
| #define HAVE_UNISTD_H 1
| #define HAVE_STRING_H 1
| #define TIME_WITH_SYS_TIME 1
| /* end confdefs.h.  */
| #include <stddef.h>
| #ifdef HAVE_STDIO_H
| # include <stdio.h>
| #endif
| #ifdef HAVE_STDLIB_H
| # include <stdlib.h>
| #endif
| #ifdef HAVE_STRING_H
| # include <string.h>
| #endif
| #ifdef HAVE_INTTYPES_H
| # include <inttypes.h>
| #endif
| #ifdef HAVE_STDINT_H
| # include <stdint.h>
| #endif
| #ifdef HAVE_STRINGS_H
| # include <strings.h>
| #endif
| #ifdef HAVE_SYS_TYPES_H
| # include <sys/types.h>
| #endif
| #ifdef HAVE_SYS_STAT_H
| # include <sys/stat.h>
| #endif
| #ifdef HAVE_UNISTD_H
| # include <unistd.h>
| #endif
| int
| main (void)
| {
| if (sizeof ((size_t)))
| 	    return 0;
|   ;
|   return 0;
| }
configure:5292: result: yes
configure:5302: checking for u_int32_t
configure:5302: gcc -c -O2 -Wall  -I/usr/local/include  conftest.c >&5
configure:5302: $? = 0
configure:5302: gcc -c -O2 -Wall  -I/usr/local/include  conftest.c >&5
conftest.c: In function 'main':
conftest.c:62:24: error: expected expression before ')' token
   62 | if (sizeof ((u_int32_t)))
      |                        ^
configure:5302: $? = 1
configure: failed program was:
| /* confdefs.h */
| #define PACKAGE_NAME ""
| #define PACKAGE_TARNAME ""
| #define PACKAGE_VERSION ""
| #define PACKAGE_STRING ""
| #define PACKAGE_BUGREPORT ""
| #define PACKAGE_URL ""
| #define PACKAGE "thc-ssl-dos"
| #define VERSION "1.4"
| #define HAVE_DEVURANDOM 1
| #define HAVE_LIBNSL 1
| #define HAVE_LIBCRYPTO 1
| #define HAVE_LIBSSL 1
| #define HAVE_STDIO_H 1
| #define HAVE_STDLIB_H 1
| #define HAVE_STRING_H 1
| #define HAVE_INTTYPES_H 1
| #define HAVE_STDINT_H 1
| #define HAVE_STRINGS_H 1
| #define HAVE_SYS_STAT_H 1
| #define HAVE_SYS_TYPES_H 1
| #define HAVE_UNISTD_H 1
| #define HAVE_SYS_TIME_H 1
| #define STDC_HEADERS 1
| #define HAVE_SYS_WAIT_H 1
| #define HAVE_SYS_TIME_H 1
| #define HAVE_UNISTD_H 1
| #define HAVE_STRING_H 1
| #define TIME_WITH_SYS_TIME 1
| /* end confdefs.h.  */
| #include <stddef.h>
| #ifdef HAVE_STDIO_H
| # include <stdio.h>
| #endif
| #ifdef HAVE_STDLIB_H
| # include <stdlib.h>
| #endif
| #ifdef HAVE_STRING_H
| # include <string.h>
| #endif
| #ifdef HAVE_INTTYPES_H
| # include <inttypes.h>
| #endif
| #ifdef HAVE_STDINT_H
| # include <stdint.h>
| #endif
| #ifdef HAVE_STRINGS_H
| # include <strings.h>
| #endif
| #ifdef HAVE_SYS_TYPES_H
| # include <sys/types.h>
| #endif
| #ifdef HAVE_SYS_STAT_H
| # include <sys/stat.h>
| #endif
| #ifdef HAVE_UNISTD_H
| # include <unistd.h>
| #endif
| int
| main (void)
| {
| if (sizeof ((u_int32_t)))
| 	    return 0;
|   ;
|   return 0;
| }
configure:5302: result: yes
configure:5311: checking for uint32_t
configure:5311: gcc -c -O2 -Wall  -I/usr/local/include  conftest.c >&5
configure:5311: $? = 0
configure:5311: gcc -c -O2 -Wall  -I/usr/local/include  conftest.c >&5
conftest.c: In function 'main':
conftest.c:63:23: error: expected expression before ')' token
   63 | if (sizeof ((uint32_t)))
      |                       ^
configure:5311: $? = 1
configure: failed program was:
| /* confdefs.h */
| #define PACKAGE_NAME ""
| #define PACKAGE_TARNAME ""
| #define PACKAGE_VERSION ""
| #define PACKAGE_STRING ""
| #define PACKAGE_BUGREPORT ""
| #define PACKAGE_URL ""
| #define PACKAGE "thc-ssl-dos"
| #define VERSION "1.4"
| #define HAVE_DEVURANDOM 1
| #define HAVE_LIBNSL 1
| #define HAVE_LIBCRYPTO 1
| #define HAVE_LIBSSL 1
| #define HAVE_STDIO_H 1
| #define HAVE_STDLIB_H 1
| #define HAVE_STRING_H 1
| #define HAVE_INTTYPES_H 1
| #define HAVE_STDINT_H 1
| #define HAVE_STRINGS_H 1
| #define HAVE_SYS_STAT_H 1
| #define HAVE_SYS_TYPES_H 1
| #define HAVE_UNISTD_H 1
| #define HAVE_SYS_TIME_H 1
| #define STDC_HEADERS 1
| #define HAVE_SYS_WAIT_H 1
| #define HAVE_SYS_TIME_H 1
| #define HAVE_UNISTD_H 1
| #define HAVE_STRING_H 1
| #define TIME_WITH_SYS_TIME 1
| #define HAVE_U_INT32_T 1
| /* end confdefs.h.  */
| #include <stddef.h>
| #ifdef HAVE_STDIO_H
| # include <stdio.h>
| #endif
| #ifdef HAVE_STDLIB_H
| # include <stdlib.h>
| #endif
| #ifdef HAVE_STRING_H
| # include <string.h>
| #endif
| #ifdef HAVE_INTTYPES_H
| # include <inttypes.h>
| #endif
| #ifdef HAVE_STDINT_H
| # include <stdint.h>
| #endif
| #ifdef HAVE_STRINGS_H
| # include <strings.h>
| #endif
| #ifdef HAVE_SYS_TYPES_H
| # include <sys/types.h>
| #endif
| #ifdef HAVE_SYS_STAT_H
| # include <sys/stat.h>
| #endif
| #ifdef HAVE_UNISTD_H
| # include <unistd.h>
| #endif
| int
| main (void)
| {
| if (sizeof ((uint32_t)))
| 	    return 0;
|   ;
|   return 0;
| }
configure:5311: result: yes
configure:5321: checking for gettimeofday
configure:5321: gcc -o conftest -O2 -Wall  -I/usr/local/include  -L./  -L/usr/local/lib  conftest.c -lssl -lcrypto -lnsl  >&5
configure:5321: $? = 0
configure:5321: result: yes
configure:5327: checking for memcpy
configure:5327: gcc -o conftest -O2 -Wall  -I/usr/local/include  -L./  -L/usr/local/lib  conftest.c -lssl -lcrypto -lnsl  >&5
conftest.c:50:6: warning: conflicting types for built-in function 'memcpy'; expected 'void *(void *, const void *, long unsigned int)' [-Wbuiltin-declaration-mismatch]
   50 | char memcpy ();
      |      ^~~~~~
conftest.c:42:1: note: 'memcpy' is declared in header '<string.h>'
   41 | #include <limits.h>
   42 | #undef memcpy
configure:5327: $? = 0
configure:5327: result: yes
configure:5333: checking for strchr
configure:5333: gcc -o conftest -O2 -Wall  -I/usr/local/include  -L./  -L/usr/local/lib  conftest.c -lssl -lcrypto -lnsl  >&5
conftest.c:51:6: warning: conflicting types for built-in function 'strchr'; expected 'char *(const char *, int)' [-Wbuiltin-declaration-mismatch]
   51 | char strchr ();
      |      ^~~~~~
conftest.c:43:1: note: 'strchr' is declared in header '<string.h>'
   42 | #include <limits.h>
   43 | #undef strchr
configure:5333: $? = 0
configure:5333: result: yes
configure:5339: checking for snprintf
configure:5339: gcc -o conftest -O2 -Wall  -I/usr/local/include  -L./  -L/usr/local/lib  conftest.c -lssl -lcrypto -lnsl  >&5
conftest.c:52:6: warning: conflicting types for built-in function 'snprintf'; expected 'int(char *, long unsigned int,  const char *, ...)' [-Wbuiltin-declaration-mismatch]
   52 | char snprintf ();
      |      ^~~~~~~~
conftest.c:44:1: note: 'snprintf' is declared in header '<stdio.h>'
   43 | #include <limits.h>
   44 | #undef snprintf
configure:5339: $? = 0
configure:5339: result: yes
configure:5345: checking for vsnprintf
configure:5345: gcc -o conftest -O2 -Wall  -I/usr/local/include  -L./  -L/usr/local/lib  conftest.c -lssl -lcrypto -lnsl  >&5
conftest.c:53:6: warning: conflicting types for built-in function 'vsnprintf'; expected 'int(char *, long unsigned int,  const char *, __va_list_tag *)' [-Wbuiltin-declaration-mismatch]
   53 | char vsnprintf ();
      |      ^~~~~~~~~
conftest.c:45:1: note: 'vsnprintf' is declared in header '<stdio.h>'
   44 | #include <limits.h>
   45 | #undef vsnprintf
configure:5345: $? = 0
configure:5345: result: yes
configure:5489: creating ./config.status

## ---------------------- ##
## Running config.status. ##
## ---------------------- ##

This file was extended by config.status, which was
generated by GNU Autoconf 2.71.  Invocation command line was

  CONFIG_FILES    = 
  CONFIG_HEADERS  = 
  CONFIG_LINKS    = 
  CONFIG_COMMANDS = 
  $ ./config.status 

on a0f7c5c88dc3

config.status:872: creating Makefile
config.status:872: creating src/Makefile
config.status:872: creating config.h
config.status:1053: config.h is unchanged
config.status:1101: executing depfiles commands

## ---------------- ##
## Cache variables. ##
## ---------------- ##

ac_cv_build=x86_64-unknown-linux-gnu
ac_cv_c_compiler_gnu=yes
ac_cv_c_const=yes
ac_cv_env_CC_set=
ac_cv_env_CC_value=
ac_cv_env_CFLAGS_set=
ac_cv_env_CFLAGS_value=
ac_cv_env_CPPFLAGS_set=
ac_cv_env_CPPFLAGS_value=
ac_cv_env_LDFLAGS_set=
ac_cv_env_LDFLAGS_value=
ac_cv_env_LIBS_set=
ac_cv_env_LIBS_value=
ac_cv_env_build_alias_set=
ac_cv_env_build_alias_value=
ac_cv_env_host_alias_set=
ac_cv_env_host_alias_value=
ac_cv_env_target_alias_set=
ac_cv_env_target_alias_value=
ac_cv_file__dev_urandom=yes
ac_cv_func_gettimeofday=yes
ac_cv_func_memcmp_working=yes
ac_cv_func_memcpy=yes
ac_cv_func_snprintf=yes
ac_cv_func_strchr=yes
ac_cv_func_vsnprintf=yes
ac_cv_header_inttypes_h=yes
ac_cv_header_stdint_h=yes
ac_cv_header_stdio_h=yes
ac_cv_header_stdlib_h=yes
ac_cv_header_string_h=yes
ac_cv_header_strings_h=yes
ac_cv_header_sys_stat_h=yes
ac_cv_header_sys_time_h=yes
ac_cv_header_sys_types_h=yes
ac_cv_header_sys_wait_h=yes
ac_cv_header_unistd_h=yes
ac_cv_host=x86_64-unknown-linux-gnu
ac_cv_lib_crypto_DH_free=yes
ac_cv_lib_nsl_gethostbyname=yes
ac_cv_lib_socket_socket=no
ac_cv_lib_ssl_BIO_new_ssl=yes
ac_cv_objext=o
ac_cv_path_EGREP='/usr/bin/grep -E'
ac_cv_path_GREP=/usr/bin/grep
ac_cv_path_install='/usr/bin/install -c'
ac_cv_path_mkdir=/usr/bin/mkdir
ac_cv_prog_AWK=mawk
ac_cv_prog_ac_ct_CC=gcc
ac_cv_prog_ac_ct_RANLIB=ranlib
ac_cv_prog_cc_c11=
ac_cv_prog_cc_g=yes
ac_cv_prog_cc_stdc=
ac_cv_prog_make_make_set=yes
ac_cv_target=x86_64-unknown-linux-gnu
ac_cv_type_size_t=yes
ac_cv_type_u_int32_t=yes
ac_cv_type_uint32_t=yes
am_cv_CC_dependencies_compiler_type=gcc3

## ----------------- ##
## Output variables. ##
## ----------------- ##

ACLOCAL='${SHELL} /tools/thc-ssl-dos/config/missing --run aclocal-1.11'
AMDEPBACKSLASH='\'
AMDEP_FALSE='#'
AMDEP_TRUE=''
AMTAR='${SHELL} /tools/thc-ssl-dos/config/missing --run tar'
AUTOCONF='${SHELL} /tools/thc-ssl-dos/config/missing --run autoconf'
AUTOHEADER='${SHELL} /tools/thc-ssl-dos/config/missing --run autoheader'
AUTOMAKE='${SHELL} /tools/thc-ssl-dos/config/missing --run automake-1.11'
AWK='mawk'
CC='gcc'
CCDEPMODE='depmode=gcc3'
CFLAGS='-O2 -Wall'
CPPFLAGS=' -I/usr/local/include '
CYGPATH_W='echo'
DEFS='-DHAVE_CONFIG_H'
DEPDIR='.deps'
ECHO_C=''
ECHO_N='-n'
ECHO_T=''
EGREP='/usr/bin/grep -E'
EXEEXT=''
GREP='/usr/bin/grep'
INSTALL_DATA='${INSTALL} -m 644'
INSTALL_PROGRAM='${INSTALL}'
INSTALL_SCRIPT='${INSTALL}'
INSTALL_STRIP_PROGRAM='$(install_sh) -c -s'
LDFLAGS='-L./  -L/usr/local/lib '
LIBOBJS=''
LIBS='-lssl -lcrypto -lnsl '
LTLIBOBJS=''
MAKEINFO='${SHELL} /tools/thc-ssl-dos/config/missing --run makeinfo'
MKDIR_P='/usr/bin/mkdir -p'
OBJEXT='o'
PACKAGE='thc-ssl-dos'
PACKAGE_BUGREPORT=''
PACKAGE_NAME=''
PACKAGE_STRING=''
PACKAGE_TARNAME=''
PACKAGE_URL=''
PACKAGE_VERSION=''
PATH_SEPARATOR=':'
RANLIB='ranlib'
SET_MAKE=''
SHELL='/bin/bash'
STRIP=''
VERSION='1.4'
ac_ct_CC='gcc'
am__EXEEXT_FALSE=''
am__EXEEXT_TRUE='#'
am__fastdepCC_FALSE='#'
am__fastdepCC_TRUE=''
am__include='include'
am__isrc=''
am__leading_dot='.'
am__quote=''
am__tar='${AMTAR} chof - "$$tardir"'
am__untar='${AMTAR} xf -'
bindir='${exec_prefix}/bin'
build='x86_64-unknown-linux-gnu'
build_alias=''
build_cpu='x86_64'
build_os='linux-gnu'
build_vendor='unknown'
datadir='${datarootdir}'
datarootdir='${prefix}/share'
docdir='${datarootdir}/doc/${PACKAGE}'
dvidir='${docdir}'
exec_prefix='/usr/local'
host='x86_64-unknown-linux-gnu'
host_alias=''
host_cpu='x86_64'
host_os='linux-gnu'
host_vendor='unknown'
htmldir='${docdir}'
includedir='${prefix}/include'
infodir='${datarootdir}/info'
install_sh='${SHELL} /tools/thc-ssl-dos/config/install-sh'
libdir='${exec_prefix}/lib'
libexecdir='${exec_prefix}/libexec'
localedir='${datarootdir}/locale'
localstatedir='${prefix}/var'
mandir='${datarootdir}/man'
mkdir_p='/usr/bin/mkdir -p'
oldincludedir='/usr/include'
pdfdir='${docdir}'
prefix='/usr/local'
program_transform_name='s,x,x,'
psdir='${docdir}'
runstatedir='${localstatedir}/run'
sbindir='${exec_prefix}/sbin'
sharedstatedir='${prefix}/com'
sysconfdir='${prefix}/etc'
target='x86_64-unknown-linux-gnu'
target_alias=''
target_cpu='x86_64'
target_os='linux-gnu'
target_vendor='unknown'

## ----------- ##
## confdefs.h. ##
## ----------- ##

/* confdefs.h */
#define PACKAGE_NAME ""
#define PACKAGE_TARNAME ""
#define PACKAGE_VERSION ""
#define PACKAGE_STRING ""
#define PACKAGE_BUGREPORT ""
#define PACKAGE_URL ""
#define PACKAGE "thc-ssl-dos"
#define VERSION "1.4"
#define HAVE_DEVURANDOM 1
#define HAVE_LIBNSL 1
#define HAVE_LIBCRYPTO 1
#define HAVE_LIBSSL 1
#define HAVE_STDIO_H 1
#define HAVE_STDLIB_H 1
#define HAVE_STRING_H 1
#define HAVE_INTTYPES_H 1
#define HAVE_STDINT_H 1
#define HAVE_STRINGS_H 1
#define HAVE_SYS_STAT_H 1
#define HAVE_SYS_TYPES_H 1
#define HAVE_UNISTD_H 1
#define HAVE_SYS_TIME_H 1
#define STDC_HEADERS 1
#define HAVE_SYS_WAIT_H 1
#define HAVE_SYS_TIME_H 1
#define HAVE_UNISTD_H 1
#define HAVE_STRING_H 1
#define TIME_WITH_SYS_TIME 1
#define HAVE_U_INT32_T 1
#define HAVE_UINT32_T 1
#define HAVE_GETTIMEOFDAY 1
#define HAVE_MEMCPY 1
#define HAVE_STRCHR 1
#define HAVE_SNPRINTF 1
#define HAVE_VSNPRINTF 1
#define IS_UNIX 1

configure: exit 0
